<?xml version="1.0" encoding="UTF-8"?>
<!-- Generated by org.testng.reporters.JUnitReportReporter -->
<testsuite skipped="0" hostname="LMCTag008" name="com.mystore.testcases.EndToEndTest" tests="1" failures="0" timestamp="2022-03-27T22:55:57 PDT" time="78.574" errors="0">
  <testcase name="endToEndTest" time="78.574" classname="com.mystore.testcases.EndToEndTest"/>
  <system-out/>
</testsuite> <!-- com.mystore.testcases.EndToEndTest -->
