<?xml version="1.0" encoding="UTF-8"?>
<!-- Generated by org.testng.reporters.JUnitReportReporter -->
<testsuite skipped="0" hostname="LMCTag008" name="com.mystore.testcases.IndexPageTest" tests="2" failures="0" timestamp="2022-03-27T22:55:57 PDT" time="25.125" errors="0">
  <testcase name="verifyTitle" time="12.700" classname="com.mystore.testcases.IndexPageTest"/>
  <system-out/>
  <testcase name="verifyLogo" time="12.425" classname="com.mystore.testcases.IndexPageTest"/>
  <system-out/>
</testsuite> <!-- com.mystore.testcases.IndexPageTest -->
