<?xml version="1.0" encoding="UTF-8"?>
<!-- Generated by org.testng.reporters.JUnitReportReporter -->
<testsuite hostname="LMCTAG039" failures="0" tests="1" name="com.mystore.pageobjects.IndexPage" time="9.879" errors="0" timestamp="2022-03-13T00:51:48 IST" skipped="0">
  <testcase classname="com.mystore.pageobjects.IndexPage" name="launchApp" time="9.879"/>
  <system-out/>
</testsuite> <!-- com.mystore.pageobjects.IndexPage -->
