<?xml version="1.0" encoding="UTF-8"?>
<!-- Generated by org.testng.reporters.JUnitReportReporter -->
<testsuite skipped="0" hostname="LMCTag008" name="com.mystore.testcases.OrderPageTest" tests="1" failures="0" timestamp="2022-03-27T22:55:57 PDT" time="33.980" errors="0">
  <testcase name="verifyTotalPrice" time="33.980" classname="com.mystore.testcases.OrderPageTest"/>
  <system-out/>
</testsuite> <!-- com.mystore.testcases.OrderPageTest -->
