<?xml version="1.0" encoding="UTF-8"?>
<!-- Generated by org.testng.reporters.JUnitReportReporter -->
<testsuite skipped="0" hostname="LMCTag008" name="com.mystore.testcases.SearchresultPageTest" tests="1" failures="0" timestamp="2022-03-27T22:55:57 PDT" time="18.580" errors="0">
  <testcase name="productAvailabilityTest" time="18.580" classname="com.mystore.testcases.SearchresultPageTest"/>
  <system-out/>
</testsuite> <!-- com.mystore.testcases.SearchresultPageTest -->
