<?xml version="1.0" encoding="UTF-8"?>
<!-- Generated by org.testng.reporters.JUnitReportReporter -->
<testsuite hostname="LMCTAG039" failures="0" tests="1" name="com.mystore.pageobjects.OrderPage" time="11.918" errors="0" timestamp="2022-03-15T13:18:11 IST" skipped="0">
  <testcase classname="com.mystore.pageobjects.OrderPage" name="launchApp" time="11.918"/>
  <system-out/>
</testsuite> <!-- com.mystore.pageobjects.OrderPage -->
