<?xml version="1.0" encoding="UTF-8"?>
<!-- Generated by org.testng.reporters.JUnitReportReporter -->
<testsuite skipped="0" hostname="LMCTag008" name="com.mystore.testcases.HomepageTest" tests="2" failures="0" timestamp="2022-03-27T22:55:57 PDT" time="43.532" errors="0">
  <testcase name="wishListTest" time="20.109" classname="com.mystore.testcases.HomepageTest"/>
  <system-out/>
  <testcase name="orderHisstoryandDetailsTest" time="23.423" classname="com.mystore.testcases.HomepageTest"/>
  <system-out/>
</testsuite> <!-- com.mystore.testcases.HomepageTest -->
